Build started 25/04/2024 4:15:22 PM.
     1>Project "C:\Users\Admin\Documents\Visual Studio 2012\Projects\BTL\Red-or-green\game\game.vcxproj" on node 2 (Build target(s)).
     1>ClCompile:
         C:\Program Files (x86)\Microsoft Visual Studio 11.0\VC\bin\CL.exe /c /ZI /nologo /W3 /WX- /Od /Oy- /D WIN32 /D _DEBUG /D _CONSOLE /D _UNICODE /D UNICODE /Gm /EHsc /RTC1 /MDd /GS /fp:precise /Zc:wchar_t /Zc:forScope /Fo"Debug\\" /Fd"Debug\vc110.pdb" /Gd /TP /analyze- /errorReport:prompt User_Interface.cpp Wheel.cpp
         Wheel.cpp
     1>c:\users\admin\documents\visual studio 2012\projects\btl\red-or-green\game\wheel.cpp(79): warning C4244: 'argument' : conversion from 'double' to 'int', possible loss of data
     1>c:\users\admin\documents\visual studio 2012\projects\btl\red-or-green\game\wheel.cpp(123): warning C4244: 'initializing' : conversion from 'double' to 'int', possible loss of data
         User_Interface.cpp
     1>c:\users\admin\documents\visual studio 2012\projects\btl\red-or-green\game\user_interface.cpp(994): warning C4018: '<' : signed/unsigned mismatch
         Generating Code...
       Link:
         C:\Program Files (x86)\Microsoft Visual Studio 11.0\VC\bin\link.exe /ERRORREPORT:PROMPT /OUT:"C:\Users\Admin\Documents\Visual Studio 2012\Projects\BTL\Red-or-green\Debug\game.exe" /INCREMENTAL /NOLOGO SDL.lib SDLmain.lib SDL_image.lib SDL_mixer.lib SDL_ttf.lib kernel32.lib user32.lib gdi32.lib winspool.lib comdlg32.lib advapi32.lib shell32.lib ole32.lib oleaut32.lib uuid.lib odbc32.lib odbccp32.lib /MANIFEST /MANIFESTUAC:"level='asInvoker' uiAccess='false'" /manifest:embed /DEBUG /PDB:"C:\Users\Admin\Documents\Visual Studio 2012\Projects\BTL\Red-or-green\Debug\game.pdb" /SUBSYSTEM:WINDOWS /TLBID:1 /DYNAMICBASE /NXCOMPAT /IMPLIB:"C:\Users\Admin\Documents\Visual Studio 2012\Projects\BTL\Red-or-green\Debug\game.lib" /MACHINE:X86 Debug\AutoPlayer.obj
         Debug\Baseobject.obj
         Debug\Follower.obj
         Debug\Common_Function.obj
         Debug\Light.obj
         Debug\Mainobject.obj
         Debug\Source.obj
         Debug\Text.obj
         Debug\User_Interface.obj
         Debug\Wheel.obj
     1>MSVCRTD.lib(cinitexe.obj) : warning LNK4098: defaultlib 'msvcrt.lib' conflicts with use of other libs; use /NODEFAULTLIB:library
         game.vcxproj -> C:\Users\Admin\Documents\Visual Studio 2012\Projects\BTL\Red-or-green\Debug\game.exe
     1>Done Building Project "C:\Users\Admin\Documents\Visual Studio 2012\Projects\BTL\Red-or-green\game\game.vcxproj" (Build target(s)).

Build succeeded.

Time Elapsed 00:00:02.23
